{"/home/zszs/Development/Projects/PatriciaTree/patricia.js":{"path":"/home/zszs/Development/Projects/PatriciaTree/patricia.js","s":{"1":1,"2":1,"3":1,"4":197,"5":197,"6":197,"7":121,"8":197,"9":197,"10":121,"11":197,"12":197,"13":1,"14":3,"15":1,"16":2,"17":2,"18":1,"19":76,"20":76,"21":76,"22":76,"23":76,"24":1,"25":176,"26":176,"27":1,"28":297,"29":1,"30":21,"31":21,"32":1,"33":132,"34":132,"35":132,"36":132,"37":87,"38":87,"39":132,"40":1,"41":104,"42":1,"43":103,"44":103,"45":103,"46":2,"47":2,"48":75,"49":75,"50":75,"51":75,"52":75,"53":1,"54":1,"55":1,"56":1,"57":1,"58":1,"59":1,"60":24,"61":24,"62":24,"63":1,"64":18,"65":1,"66":17,"67":17,"68":12,"69":1,"70":2,"71":1,"72":1,"73":1,"74":17,"75":1,"76":4,"77":16,"78":4,"79":4,"80":4,"81":6,"82":6,"83":4,"84":6,"85":4,"86":1,"87":12,"88":12,"89":4,"90":2,"91":2,"92":2,"93":2,"94":2,"95":2,"96":2,"97":1,"98":6,"99":4,"100":1},"b":{"1":[197,21],"2":[121,76],"3":[121,76],"4":[197,21],"5":[1,2],"6":[219,187,187],"7":[1,103],"8":[2,75,1,1,24],"9":[1,17],"10":[12,1,2,1,1],"11":[11,1],"12":[4,2,2,2,2],"13":[2,2]},"f":{"1":197,"2":3,"3":76,"4":176,"5":297,"6":21,"7":132,"8":104,"9":103,"10":18,"11":17,"12":17,"13":4,"14":16,"15":12,"16":12,"17":6,"18":4},"fnMap":{"1":{"name":"Node","line":4,"loc":{"start":{"line":4,"column":0},"end":{"line":4,"column":24}}},"2":{"name":"(anonymous_2)","line":19,"loc":{"start":{"line":19,"column":35},"end":{"line":19,"column":46}}},"3":{"name":"(anonymous_3)","line":28,"loc":{"start":{"line":28,"column":23},"end":{"line":28,"column":45}}},"4":{"name":"(anonymous_4)","line":36,"loc":{"start":{"line":36,"column":29},"end":{"line":36,"column":49}}},"5":{"name":"(anonymous_5)","line":41,"loc":{"start":{"line":41,"column":29},"end":{"line":41,"column":46}}},"6":{"name":"PatriciaTree","line":45,"loc":{"start":{"line":45,"column":0},"end":{"line":45,"column":25}}},"7":{"name":"(anonymous_7)","line":50,"loc":{"start":{"line":50,"column":19},"end":{"line":50,"column":61}}},"8":{"name":"(anonymous_8)","line":63,"loc":{"start":{"line":63,"column":32},"end":{"line":63,"column":53}}},"9":{"name":"(anonymous_9)","line":68,"loc":{"start":{"line":68,"column":55},"end":{"line":68,"column":99}}},"10":{"name":"(anonymous_10)","line":108,"loc":{"start":{"line":108,"column":35},"end":{"line":108,"column":56}}},"11":{"name":"(anonymous_11)","line":112,"loc":{"start":{"line":112,"column":55},"end":{"line":112,"column":89}}},"12":{"name":"(anonymous_12)","line":123,"loc":{"start":{"line":123,"column":34},"end":{"line":123,"column":55}}},"13":{"name":"(anonymous_13)","line":127,"loc":{"start":{"line":127,"column":22},"end":{"line":127,"column":57}}},"14":{"name":"getChildren","line":128,"loc":{"start":{"line":128,"column":46},"end":{"line":128,"column":74}}},"15":{"name":"(anonymous_15)","line":143,"loc":{"start":{"line":143,"column":40},"end":{"line":143,"column":57}}},"16":{"name":"(anonymous_16)","line":144,"loc":{"start":{"line":144,"column":51},"end":{"line":144,"column":95}}},"17":{"name":"(anonymous_17)","line":160,"loc":{"start":{"line":160,"column":34},"end":{"line":160,"column":51}}},"18":{"name":"(anonymous_18)","line":161,"loc":{"start":{"line":161,"column":40},"end":{"line":161,"column":61}}}},"statementMap":{"1":{"start":{"line":1,"column":0},"end":{"line":1,"column":47}},"2":{"start":{"line":2,"column":0},"end":{"line":2,"column":45}},"3":{"start":{"line":4,"column":0},"end":{"line":17,"column":1}},"4":{"start":{"line":5,"column":1},"end":{"line":5,"column":25}},"5":{"start":{"line":7,"column":1},"end":{"line":7,"column":38}},"6":{"start":{"line":8,"column":1},"end":{"line":9,"column":25}},"7":{"start":{"line":9,"column":2},"end":{"line":9,"column":25}},"8":{"start":{"line":11,"column":1},"end":{"line":11,"column":36}},"9":{"start":{"line":12,"column":1},"end":{"line":13,"column":21}},"10":{"start":{"line":13,"column":2},"end":{"line":13,"column":21}},"11":{"start":{"line":15,"column":1},"end":{"line":15,"column":34}},"12":{"start":{"line":16,"column":1},"end":{"line":16,"column":20}},"13":{"start":{"line":19,"column":0},"end":{"line":26,"column":2}},"14":{"start":{"line":20,"column":1},"end":{"line":25,"column":2}},"15":{"start":{"line":21,"column":2},"end":{"line":21,"column":19}},"16":{"start":{"line":23,"column":2},"end":{"line":23,"column":25}},"17":{"start":{"line":24,"column":2},"end":{"line":24,"column":21}},"18":{"start":{"line":28,"column":0},"end":{"line":34,"column":2}},"19":{"start":{"line":29,"column":1},"end":{"line":29,"column":40}},"20":{"start":{"line":30,"column":1},"end":{"line":30,"column":53}},"21":{"start":{"line":31,"column":1},"end":{"line":31,"column":52}},"22":{"start":{"line":32,"column":1},"end":{"line":32,"column":87}},"23":{"start":{"line":33,"column":1},"end":{"line":33,"column":44}},"24":{"start":{"line":36,"column":0},"end":{"line":39,"column":2}},"25":{"start":{"line":37,"column":1},"end":{"line":37,"column":31}},"26":{"start":{"line":38,"column":1},"end":{"line":38,"column":33}},"27":{"start":{"line":41,"column":0},"end":{"line":43,"column":2}},"28":{"start":{"line":42,"column":1},"end":{"line":42,"column":33}},"29":{"start":{"line":45,"column":0},"end":{"line":48,"column":1}},"30":{"start":{"line":46,"column":1},"end":{"line":46,"column":24}},"31":{"start":{"line":47,"column":1},"end":{"line":47,"column":16}},"32":{"start":{"line":50,"column":0},"end":{"line":61,"column":2}},"33":{"start":{"line":51,"column":1},"end":{"line":51,"column":49}},"34":{"start":{"line":52,"column":1},"end":{"line":52,"column":60}},"35":{"start":{"line":53,"column":1},"end":{"line":53,"column":26}},"36":{"start":{"line":55,"column":1},"end":{"line":59,"column":2}},"37":{"start":{"line":57,"column":2},"end":{"line":57,"column":24}},"38":{"start":{"line":58,"column":2},"end":{"line":58,"column":58}},"39":{"start":{"line":60,"column":1},"end":{"line":60,"column":63}},"40":{"start":{"line":63,"column":0},"end":{"line":106,"column":2}},"41":{"start":{"line":64,"column":1},"end":{"line":65,"column":9}},"42":{"start":{"line":65,"column":2},"end":{"line":65,"column":9}},"43":{"start":{"line":67,"column":1},"end":{"line":67,"column":14}},"44":{"start":{"line":68,"column":1},"end":{"line":105,"column":4}},"45":{"start":{"line":69,"column":2},"end":{"line":104,"column":3}},"46":{"start":{"line":72,"column":4},"end":{"line":72,"column":35}},"47":{"start":{"line":73,"column":4},"end":{"line":73,"column":10}},"48":{"start":{"line":77,"column":4},"end":{"line":79,"column":7}},"49":{"start":{"line":80,"column":4},"end":{"line":80,"column":66}},"50":{"start":{"line":81,"column":4},"end":{"line":81,"column":55}},"51":{"start":{"line":82,"column":4},"end":{"line":82,"column":51}},"52":{"start":{"line":83,"column":4},"end":{"line":83,"column":10}},"53":{"start":{"line":87,"column":4},"end":{"line":89,"column":7}},"54":{"start":{"line":90,"column":4},"end":{"line":90,"column":31}},"55":{"start":{"line":91,"column":4},"end":{"line":91,"column":10}},"56":{"start":{"line":95,"column":4},"end":{"line":95,"column":66}},"57":{"start":{"line":96,"column":4},"end":{"line":96,"column":55}},"58":{"start":{"line":97,"column":4},"end":{"line":97,"column":48}},"59":{"start":{"line":98,"column":4},"end":{"line":98,"column":10}},"60":{"start":{"line":101,"column":4},"end":{"line":101,"column":50}},"61":{"start":{"line":102,"column":4},"end":{"line":102,"column":37}},"62":{"start":{"line":103,"column":4},"end":{"line":103,"column":10}},"63":{"start":{"line":108,"column":0},"end":{"line":121,"column":2}},"64":{"start":{"line":109,"column":1},"end":{"line":110,"column":11}},"65":{"start":{"line":110,"column":2},"end":{"line":110,"column":11}},"66":{"start":{"line":112,"column":1},"end":{"line":120,"column":4}},"67":{"start":{"line":113,"column":2},"end":{"line":119,"column":3}},"68":{"start":{"line":114,"column":24},"end":{"line":114,"column":80}},"69":{"start":{"line":115,"column":24},"end":{"line":115,"column":33}},"70":{"start":{"line":116,"column":24},"end":{"line":116,"column":33}},"71":{"start":{"line":117,"column":24},"end":{"line":117,"column":33}},"72":{"start":{"line":118,"column":24},"end":{"line":118,"column":33}},"73":{"start":{"line":123,"column":0},"end":{"line":125,"column":2}},"74":{"start":{"line":124,"column":1},"end":{"line":124,"column":41}},"75":{"start":{"line":127,"column":0},"end":{"line":141,"column":2}},"76":{"start":{"line":128,"column":1},"end":{"line":130,"column":4}},"77":{"start":{"line":129,"column":2},"end":{"line":129,"column":23}},"78":{"start":{"line":131,"column":1},"end":{"line":131,"column":10}},"79":{"start":{"line":132,"column":1},"end":{"line":132,"column":22}},"80":{"start":{"line":133,"column":1},"end":{"line":139,"column":2}},"81":{"start":{"line":134,"column":2},"end":{"line":134,"column":39}},"82":{"start":{"line":135,"column":2},"end":{"line":137,"column":3}},"83":{"start":{"line":136,"column":3},"end":{"line":136,"column":42}},"84":{"start":{"line":138,"column":2},"end":{"line":138,"column":37}},"85":{"start":{"line":140,"column":1},"end":{"line":140,"column":20}},"86":{"start":{"line":143,"column":0},"end":{"line":158,"column":2}},"87":{"start":{"line":144,"column":1},"end":{"line":157,"column":4}},"88":{"start":{"line":145,"column":2},"end":{"line":156,"column":3}},"89":{"start":{"line":147,"column":4},"end":{"line":147,"column":74}},"90":{"start":{"line":149,"column":4},"end":{"line":149,"column":82}},"91":{"start":{"line":150,"column":4},"end":{"line":150,"column":81}},"92":{"start":{"line":151,"column":4},"end":{"line":151,"column":53}},"93":{"start":{"line":152,"column":4},"end":{"line":152,"column":52}},"94":{"start":{"line":153,"column":24},"end":{"line":153,"column":34}},"95":{"start":{"line":154,"column":24},"end":{"line":154,"column":34}},"96":{"start":{"line":155,"column":24},"end":{"line":155,"column":34}},"97":{"start":{"line":160,"column":0},"end":{"line":164,"column":2}},"98":{"start":{"line":161,"column":1},"end":{"line":163,"column":4}},"99":{"start":{"line":162,"column":2},"end":{"line":162,"column":29}},"100":{"start":{"line":166,"column":0},"end":{"line":166,"column":30}}},"branchMap":{"1":{"line":5,"type":"binary-expr","locations":[{"start":{"line":5,"column":11},"end":{"line":5,"column":18}},{"start":{"line":5,"column":22},"end":{"line":5,"column":24}}]},"2":{"line":8,"type":"if","locations":[{"start":{"line":8,"column":1},"end":{"line":8,"column":1}},{"start":{"line":8,"column":1},"end":{"line":8,"column":1}}]},"3":{"line":12,"type":"if","locations":[{"start":{"line":12,"column":1},"end":{"line":12,"column":1}},{"start":{"line":12,"column":1},"end":{"line":12,"column":1}}]},"4":{"line":15,"type":"binary-expr","locations":[{"start":{"line":15,"column":14},"end":{"line":15,"column":27}},{"start":{"line":15,"column":31},"end":{"line":15,"column":33}}]},"5":{"line":20,"type":"if","locations":[{"start":{"line":20,"column":1},"end":{"line":20,"column":1}},{"start":{"line":20,"column":1},"end":{"line":20,"column":1}}]},"6":{"line":55,"type":"binary-expr","locations":[{"start":{"line":55,"column":8},"end":{"line":55,"column":18}},{"start":{"line":55,"column":22},"end":{"line":55,"column":61}},{"start":{"line":56,"column":5},"end":{"line":56,"column":49}}]},"7":{"line":64,"type":"if","locations":[{"start":{"line":64,"column":1},"end":{"line":64,"column":1}},{"start":{"line":64,"column":1},"end":{"line":64,"column":1}}]},"8":{"line":69,"type":"switch","locations":[{"start":{"line":70,"column":3},"end":{"line":73,"column":10}},{"start":{"line":74,"column":3},"end":{"line":83,"column":10}},{"start":{"line":84,"column":3},"end":{"line":91,"column":10}},{"start":{"line":92,"column":3},"end":{"line":98,"column":10}},{"start":{"line":99,"column":3},"end":{"line":103,"column":10}}]},"9":{"line":109,"type":"if","locations":[{"start":{"line":109,"column":1},"end":{"line":109,"column":1}},{"start":{"line":109,"column":1},"end":{"line":109,"column":1}}]},"10":{"line":113,"type":"switch","locations":[{"start":{"line":114,"column":3},"end":{"line":114,"column":80}},{"start":{"line":115,"column":3},"end":{"line":115,"column":33}},{"start":{"line":116,"column":3},"end":{"line":116,"column":33}},{"start":{"line":117,"column":3},"end":{"line":117,"column":33}},{"start":{"line":118,"column":3},"end":{"line":118,"column":33}}]},"11":{"line":114,"type":"cond-expr","locations":[{"start":{"line":114,"column":55},"end":{"line":114,"column":75}},{"start":{"line":114,"column":78},"end":{"line":114,"column":79}}]},"12":{"line":145,"type":"switch","locations":[{"start":{"line":146,"column":3},"end":{"line":147,"column":74}},{"start":{"line":148,"column":3},"end":{"line":152,"column":52}},{"start":{"line":153,"column":3},"end":{"line":153,"column":34}},{"start":{"line":154,"column":3},"end":{"line":154,"column":34}},{"start":{"line":155,"column":3},"end":{"line":155,"column":34}}]},"13":{"line":147,"type":"cond-expr","locations":[{"start":{"line":147,"column":35},"end":{"line":147,"column":39}},{"start":{"line":147,"column":42},"end":{"line":147,"column":73}}]}}},"/home/zszs/Development/Projects/PatriciaTree/stringMatcher.js":{"path":"/home/zszs/Development/Projects/PatriciaTree/stringMatcher.js","s":{"1":1,"2":319,"3":319,"4":319,"5":319,"6":1,"7":840,"8":1,"9":1215,"10":1,"11":2314,"12":1,"13":76,"14":1,"15":76,"16":1,"17":187,"18":187,"19":187,"20":187,"21":420,"22":420,"23":420,"24":187,"25":18,"26":187,"27":87,"28":187,"29":4,"30":187,"31":78,"32":187,"33":1},"b":{"1":[607,585,498],"2":[18,169],"3":[187,105],"4":[87,100],"5":[187,105],"6":[4,183],"7":[187,82],"8":[78,109],"9":[187,82]},"f":{"1":319,"2":840,"3":1215,"4":2314,"5":76,"6":76,"7":187},"fnMap":{"1":{"name":"StringMatcher","line":1,"loc":{"start":{"line":1,"column":-15},"end":{"line":1,"column":36}}},"2":{"name":"(anonymous_2)","line":8,"loc":{"start":{"line":8,"column":31},"end":{"line":8,"column":43}}},"3":{"name":"(anonymous_3)","line":12,"loc":{"start":{"line":12,"column":31},"end":{"line":12,"column":43}}},"4":{"name":"(anonymous_4)","line":16,"loc":{"start":{"line":16,"column":30},"end":{"line":16,"column":42}}},"5":{"name":"(anonymous_5)","line":20,"loc":{"start":{"line":20,"column":36},"end":{"line":20,"column":48}}},"6":{"name":"(anonymous_6)","line":24,"loc":{"start":{"line":24,"column":36},"end":{"line":24,"column":53}}},"7":{"name":"(anonymous_7)","line":28,"loc":{"start":{"line":28,"column":36},"end":{"line":28,"column":61}}}},"statementMap":{"1":{"start":{"line":1,"column":-15},"end":{"line":6,"column":1}},"2":{"start":{"line":2,"column":1},"end":{"line":2,"column":32}},"3":{"start":{"line":3,"column":1},"end":{"line":3,"column":24}},"4":{"start":{"line":4,"column":1},"end":{"line":4,"column":42}},"5":{"start":{"line":5,"column":1},"end":{"line":5,"column":13}},"6":{"start":{"line":8,"column":0},"end":{"line":10,"column":2}},"7":{"start":{"line":9,"column":1},"end":{"line":9,"column":47}},"8":{"start":{"line":12,"column":0},"end":{"line":14,"column":2}},"9":{"start":{"line":13,"column":1},"end":{"line":13,"column":45}},"10":{"start":{"line":16,"column":0},"end":{"line":18,"column":2}},"11":{"start":{"line":17,"column":1},"end":{"line":17,"column":54}},"12":{"start":{"line":20,"column":0},"end":{"line":22,"column":2}},"13":{"start":{"line":21,"column":1},"end":{"line":21,"column":55}},"14":{"start":{"line":24,"column":0},"end":{"line":26,"column":2}},"15":{"start":{"line":25,"column":1},"end":{"line":25,"column":32}},"16":{"start":{"line":28,"column":0},"end":{"line":53,"column":2}},"17":{"start":{"line":29,"column":1},"end":{"line":29,"column":43}},"18":{"start":{"line":30,"column":1},"end":{"line":30,"column":27}},"19":{"start":{"line":32,"column":1},"end":{"line":32,"column":48}},"20":{"start":{"line":34,"column":1},"end":{"line":38,"column":2}},"21":{"start":{"line":35,"column":2},"end":{"line":35,"column":26}},"22":{"start":{"line":36,"column":2},"end":{"line":36,"column":14}},"23":{"start":{"line":37,"column":2},"end":{"line":37,"column":17}},"24":{"start":{"line":40,"column":1},"end":{"line":42,"column":2}},"25":{"start":{"line":41,"column":2},"end":{"line":41,"column":36}},"26":{"start":{"line":43,"column":1},"end":{"line":45,"column":2}},"27":{"start":{"line":44,"column":2},"end":{"line":44,"column":39}},"28":{"start":{"line":46,"column":1},"end":{"line":48,"column":2}},"29":{"start":{"line":47,"column":2},"end":{"line":47,"column":38}},"30":{"start":{"line":49,"column":1},"end":{"line":51,"column":2}},"31":{"start":{"line":50,"column":2},"end":{"line":50,"column":35}},"32":{"start":{"line":52,"column":1},"end":{"line":52,"column":13}},"33":{"start":{"line":55,"column":0},"end":{"line":55,"column":31}}},"branchMap":{"1":{"line":34,"type":"binary-expr","locations":[{"start":{"line":34,"column":7},"end":{"line":34,"column":18}},{"start":{"line":34,"column":22},"end":{"line":34,"column":36}},{"start":{"line":34,"column":40},"end":{"line":34,"column":70}}]},"2":{"line":40,"type":"if","locations":[{"start":{"line":40,"column":1},"end":{"line":40,"column":1}},{"start":{"line":40,"column":1},"end":{"line":40,"column":1}}]},"3":{"line":40,"type":"binary-expr","locations":[{"start":{"line":40,"column":4},"end":{"line":40,"column":17}},{"start":{"line":40,"column":21},"end":{"line":40,"column":31}}]},"4":{"line":43,"type":"if","locations":[{"start":{"line":43,"column":1},"end":{"line":43,"column":1}},{"start":{"line":43,"column":1},"end":{"line":43,"column":1}}]},"5":{"line":43,"type":"binary-expr","locations":[{"start":{"line":43,"column":4},"end":{"line":43,"column":17}},{"start":{"line":43,"column":21},"end":{"line":43,"column":32}}]},"6":{"line":46,"type":"if","locations":[{"start":{"line":46,"column":1},"end":{"line":46,"column":1}},{"start":{"line":46,"column":1},"end":{"line":46,"column":1}}]},"7":{"line":46,"type":"binary-expr","locations":[{"start":{"line":46,"column":4},"end":{"line":46,"column":18}},{"start":{"line":46,"column":22},"end":{"line":46,"column":32}}]},"8":{"line":49,"type":"if","locations":[{"start":{"line":49,"column":1},"end":{"line":49,"column":1}},{"start":{"line":49,"column":1},"end":{"line":49,"column":1}}]},"9":{"line":49,"type":"binary-expr","locations":[{"start":{"line":49,"column":4},"end":{"line":49,"column":18}},{"start":{"line":49,"column":22},"end":{"line":49,"column":33}}]}}},"/home/zszs/Development/Projects/PatriciaTree/leafIterator.js":{"path":"/home/zszs/Development/Projects/PatriciaTree/leafIterator.js","s":{"1":1,"2":8,"3":8,"4":12,"5":1,"6":8,"7":8,"8":1,"9":4,"10":4,"11":8,"12":4,"13":10,"14":12,"15":12,"16":12,"17":12,"18":8,"19":12,"20":8,"21":8,"22":6,"23":4,"24":4},"b":{"1":[8,4],"2":[6,2]},"f":{"1":8,"2":12,"3":8,"4":4,"5":8,"6":10,"7":12},"fnMap":{"1":{"name":"PropertyIterator","line":1,"loc":{"start":{"line":1,"column":-15},"end":{"line":1,"column":35}}},"2":{"name":"(anonymous_2)","line":4,"loc":{"start":{"line":4,"column":8},"end":{"line":4,"column":19}}},"3":{"name":"PathItem","line":9,"loc":{"start":{"line":9,"column":0},"end":{"line":9,"column":38}}},"4":{"name":"LeafIterator","line":14,"loc":{"start":{"line":14,"column":17},"end":{"line":14,"column":64}}},"5":{"name":"hasChild","line":17,"loc":{"start":{"line":17,"column":16},"end":{"line":17,"column":41}}},"6":{"name":"(anonymous_6)","line":21,"loc":{"start":{"line":21,"column":8},"end":{"line":21,"column":19}}},"7":{"name":"(anonymous_7)","line":28,"loc":{"start":{"line":28,"column":36},"end":{"line":28,"column":55}}}},"statementMap":{"1":{"start":{"line":1,"column":-15},"end":{"line":7,"column":1}},"2":{"start":{"line":2,"column":1},"end":{"line":2,"column":17}},"3":{"start":{"line":4,"column":1},"end":{"line":6,"column":3}},"4":{"start":{"line":5,"column":2},"end":{"line":5,"column":48}},"5":{"start":{"line":9,"column":0},"end":{"line":12,"column":1}},"6":{"start":{"line":10,"column":1},"end":{"line":10,"column":18}},"7":{"start":{"line":11,"column":1},"end":{"line":11,"column":58}},"8":{"start":{"line":14,"column":0},"end":{"line":44,"column":2}},"9":{"start":{"line":15,"column":1},"end":{"line":15,"column":58}},"10":{"start":{"line":17,"column":1},"end":{"line":19,"column":3}},"11":{"start":{"line":18,"column":2},"end":{"line":18,"column":53}},"12":{"start":{"line":21,"column":1},"end":{"line":43,"column":3}},"13":{"start":{"line":22,"column":2},"end":{"line":41,"column":3}},"14":{"start":{"line":23,"column":3},"end":{"line":23,"column":59}},"15":{"start":{"line":24,"column":3},"end":{"line":24,"column":40}},"16":{"start":{"line":25,"column":3},"end":{"line":25,"column":45}},"17":{"start":{"line":26,"column":3},"end":{"line":40,"column":4}},"18":{"start":{"line":28,"column":4},"end":{"line":30,"column":7}},"19":{"start":{"line":29,"column":5},"end":{"line":29,"column":26}},"20":{"start":{"line":31,"column":4},"end":{"line":31,"column":22}},"21":{"start":{"line":32,"column":4},"end":{"line":37,"column":5}},"22":{"start":{"line":33,"column":5},"end":{"line":36,"column":7}},"23":{"start":{"line":39,"column":4},"end":{"line":39,"column":58}},"24":{"start":{"line":42,"column":2},"end":{"line":42,"column":19}}},"branchMap":{"1":{"line":26,"type":"if","locations":[{"start":{"line":26,"column":3},"end":{"line":26,"column":3}},{"start":{"line":26,"column":3},"end":{"line":26,"column":3}}]},"2":{"line":32,"type":"if","locations":[{"start":{"line":32,"column":4},"end":{"line":32,"column":4}},{"start":{"line":32,"column":4},"end":{"line":32,"column":4}}]}}}}