{"/home/zszs/Development/Projects/PatriciaTree/patricia2.js":{"path":"/home/zszs/Development/Projects/PatriciaTree/patricia2.js","s":{"1":1,"2":1,"3":33,"4":33,"5":33,"6":28,"7":33,"8":33,"9":28,"10":33,"11":33,"12":1,"13":3,"14":1,"15":2,"16":2,"17":1,"18":5,"19":5,"20":5,"21":5,"22":5,"23":1,"24":23,"25":23,"26":1,"27":55,"28":1,"29":10,"30":10,"31":1,"32":39,"33":39,"34":39,"35":39,"36":11,"37":11,"38":39,"39":1,"40":22,"41":1,"42":21,"43":21,"44":21,"45":2,"46":2,"47":4,"48":4,"49":4,"50":4,"51":4,"52":1,"53":1,"54":1,"55":1,"56":1,"57":1,"58":1,"59":13,"60":13,"61":13,"62":1,"63":18,"64":1,"65":17,"66":17,"67":12,"68":1,"69":2,"70":1,"71":1,"72":1,"73":17,"74":1,"75":1,"76":1,"77":1,"78":1,"79":4,"80":4,"81":4,"82":4,"83":3,"84":4,"85":4,"86":3,"87":3,"88":1,"89":3,"90":3,"91":3,"92":4,"93":3,"94":1,"95":1,"96":1,"97":1,"98":0,"99":0,"100":0,"101":1,"102":0,"103":1},"b":{"1":[33,10],"2":[28,5],"3":[28,5],"4":[33,10],"5":[1,2],"6":[50,33,33],"7":[1,21],"8":[2,4,1,1,13],"9":[1,17],"10":[12,1,2,1,1],"11":[11,1],"12":[3,1],"13":[3,0],"14":[0,0,0,1,0],"15":[0,0]},"f":{"1":33,"2":3,"3":5,"4":23,"5":55,"6":10,"7":39,"8":22,"9":21,"10":18,"11":17,"12":17,"13":1,"14":3,"15":1,"16":1},"fnMap":{"1":{"name":"Node","line":3,"loc":{"start":{"line":3,"column":0},"end":{"line":3,"column":24}}},"2":{"name":"(anonymous_2)","line":18,"loc":{"start":{"line":18,"column":35},"end":{"line":18,"column":46}}},"3":{"name":"(anonymous_3)","line":27,"loc":{"start":{"line":27,"column":23},"end":{"line":27,"column":45}}},"4":{"name":"(anonymous_4)","line":35,"loc":{"start":{"line":35,"column":29},"end":{"line":35,"column":49}}},"5":{"name":"(anonymous_5)","line":40,"loc":{"start":{"line":40,"column":29},"end":{"line":40,"column":46}}},"6":{"name":"PatriciaTree","line":44,"loc":{"start":{"line":44,"column":0},"end":{"line":44,"column":25}}},"7":{"name":"(anonymous_7)","line":49,"loc":{"start":{"line":49,"column":19},"end":{"line":49,"column":61}}},"8":{"name":"(anonymous_8)","line":62,"loc":{"start":{"line":62,"column":32},"end":{"line":62,"column":53}}},"9":{"name":"(anonymous_9)","line":67,"loc":{"start":{"line":67,"column":55},"end":{"line":67,"column":99}}},"10":{"name":"(anonymous_10)","line":107,"loc":{"start":{"line":107,"column":35},"end":{"line":107,"column":56}}},"11":{"name":"(anonymous_11)","line":111,"loc":{"start":{"line":111,"column":55},"end":{"line":111,"column":89}}},"12":{"name":"(anonymous_12)","line":122,"loc":{"start":{"line":122,"column":34},"end":{"line":122,"column":55}}},"13":{"name":"(anonymous_13)","line":126,"loc":{"start":{"line":126,"column":21},"end":{"line":126,"column":52}}},"14":{"name":"(anonymous_14)","line":150,"loc":{"start":{"line":150,"column":33},"end":{"line":150,"column":61}}},"15":{"name":"(anonymous_15)","line":162,"loc":{"start":{"line":162,"column":34},"end":{"line":162,"column":51}}},"16":{"name":"(anonymous_16)","line":163,"loc":{"start":{"line":163,"column":51},"end":{"line":163,"column":86}}}},"statementMap":{"1":{"start":{"line":1,"column":0},"end":{"line":1,"column":47}},"2":{"start":{"line":3,"column":0},"end":{"line":16,"column":1}},"3":{"start":{"line":4,"column":1},"end":{"line":4,"column":25}},"4":{"start":{"line":6,"column":1},"end":{"line":6,"column":38}},"5":{"start":{"line":7,"column":1},"end":{"line":8,"column":25}},"6":{"start":{"line":8,"column":2},"end":{"line":8,"column":25}},"7":{"start":{"line":10,"column":1},"end":{"line":10,"column":36}},"8":{"start":{"line":11,"column":1},"end":{"line":12,"column":21}},"9":{"start":{"line":12,"column":2},"end":{"line":12,"column":21}},"10":{"start":{"line":14,"column":1},"end":{"line":14,"column":34}},"11":{"start":{"line":15,"column":1},"end":{"line":15,"column":20}},"12":{"start":{"line":18,"column":0},"end":{"line":25,"column":2}},"13":{"start":{"line":19,"column":1},"end":{"line":24,"column":2}},"14":{"start":{"line":20,"column":2},"end":{"line":20,"column":19}},"15":{"start":{"line":22,"column":2},"end":{"line":22,"column":25}},"16":{"start":{"line":23,"column":2},"end":{"line":23,"column":21}},"17":{"start":{"line":27,"column":0},"end":{"line":33,"column":2}},"18":{"start":{"line":28,"column":1},"end":{"line":28,"column":40}},"19":{"start":{"line":29,"column":1},"end":{"line":29,"column":53}},"20":{"start":{"line":30,"column":1},"end":{"line":30,"column":52}},"21":{"start":{"line":31,"column":1},"end":{"line":31,"column":87}},"22":{"start":{"line":32,"column":1},"end":{"line":32,"column":44}},"23":{"start":{"line":35,"column":0},"end":{"line":38,"column":2}},"24":{"start":{"line":36,"column":1},"end":{"line":36,"column":31}},"25":{"start":{"line":37,"column":1},"end":{"line":37,"column":33}},"26":{"start":{"line":40,"column":0},"end":{"line":42,"column":2}},"27":{"start":{"line":41,"column":1},"end":{"line":41,"column":33}},"28":{"start":{"line":44,"column":0},"end":{"line":47,"column":1}},"29":{"start":{"line":45,"column":1},"end":{"line":45,"column":24}},"30":{"start":{"line":46,"column":1},"end":{"line":46,"column":16}},"31":{"start":{"line":49,"column":0},"end":{"line":60,"column":2}},"32":{"start":{"line":50,"column":1},"end":{"line":50,"column":49}},"33":{"start":{"line":51,"column":1},"end":{"line":51,"column":60}},"34":{"start":{"line":52,"column":1},"end":{"line":52,"column":26}},"35":{"start":{"line":54,"column":1},"end":{"line":58,"column":2}},"36":{"start":{"line":56,"column":2},"end":{"line":56,"column":24}},"37":{"start":{"line":57,"column":2},"end":{"line":57,"column":58}},"38":{"start":{"line":59,"column":1},"end":{"line":59,"column":63}},"39":{"start":{"line":62,"column":0},"end":{"line":105,"column":2}},"40":{"start":{"line":63,"column":1},"end":{"line":64,"column":9}},"41":{"start":{"line":64,"column":2},"end":{"line":64,"column":9}},"42":{"start":{"line":66,"column":1},"end":{"line":66,"column":14}},"43":{"start":{"line":67,"column":1},"end":{"line":104,"column":4}},"44":{"start":{"line":68,"column":2},"end":{"line":103,"column":3}},"45":{"start":{"line":71,"column":4},"end":{"line":71,"column":35}},"46":{"start":{"line":72,"column":4},"end":{"line":72,"column":10}},"47":{"start":{"line":76,"column":4},"end":{"line":78,"column":7}},"48":{"start":{"line":79,"column":4},"end":{"line":79,"column":66}},"49":{"start":{"line":80,"column":4},"end":{"line":80,"column":55}},"50":{"start":{"line":81,"column":4},"end":{"line":81,"column":51}},"51":{"start":{"line":82,"column":4},"end":{"line":82,"column":10}},"52":{"start":{"line":86,"column":4},"end":{"line":88,"column":7}},"53":{"start":{"line":89,"column":4},"end":{"line":89,"column":31}},"54":{"start":{"line":90,"column":4},"end":{"line":90,"column":10}},"55":{"start":{"line":94,"column":4},"end":{"line":94,"column":66}},"56":{"start":{"line":95,"column":4},"end":{"line":95,"column":55}},"57":{"start":{"line":96,"column":4},"end":{"line":96,"column":48}},"58":{"start":{"line":97,"column":4},"end":{"line":97,"column":10}},"59":{"start":{"line":100,"column":4},"end":{"line":100,"column":50}},"60":{"start":{"line":101,"column":4},"end":{"line":101,"column":37}},"61":{"start":{"line":102,"column":4},"end":{"line":102,"column":10}},"62":{"start":{"line":107,"column":0},"end":{"line":120,"column":2}},"63":{"start":{"line":108,"column":1},"end":{"line":109,"column":11}},"64":{"start":{"line":109,"column":2},"end":{"line":109,"column":11}},"65":{"start":{"line":111,"column":1},"end":{"line":119,"column":4}},"66":{"start":{"line":112,"column":2},"end":{"line":118,"column":3}},"67":{"start":{"line":113,"column":24},"end":{"line":113,"column":80}},"68":{"start":{"line":114,"column":24},"end":{"line":114,"column":33}},"69":{"start":{"line":115,"column":24},"end":{"line":115,"column":33}},"70":{"start":{"line":116,"column":24},"end":{"line":116,"column":33}},"71":{"start":{"line":117,"column":24},"end":{"line":117,"column":33}},"72":{"start":{"line":122,"column":0},"end":{"line":124,"column":2}},"73":{"start":{"line":123,"column":1},"end":{"line":123,"column":41}},"74":{"start":{"line":126,"column":0},"end":{"line":160,"column":2}},"75":{"start":{"line":127,"column":1},"end":{"line":127,"column":10}},"76":{"start":{"line":128,"column":1},"end":{"line":128,"column":52}},"77":{"start":{"line":129,"column":1},"end":{"line":129,"column":22}},"78":{"start":{"line":131,"column":1},"end":{"line":148,"column":2}},"79":{"start":{"line":132,"column":2},"end":{"line":132,"column":43}},"80":{"start":{"line":133,"column":2},"end":{"line":133,"column":35}},"81":{"start":{"line":134,"column":2},"end":{"line":134,"column":31}},"82":{"start":{"line":136,"column":2},"end":{"line":137,"column":27}},"83":{"start":{"line":137,"column":3},"end":{"line":137,"column":27}},"84":{"start":{"line":138,"column":2},"end":{"line":138,"column":44}},"85":{"start":{"line":140,"column":2},"end":{"line":147,"column":3}},"86":{"start":{"line":141,"column":3},"end":{"line":146,"column":4}},"87":{"start":{"line":142,"column":4},"end":{"line":145,"column":7}},"88":{"start":{"line":150,"column":1},"end":{"line":158,"column":12}},"89":{"start":{"line":151,"column":2},"end":{"line":151,"column":18}},"90":{"start":{"line":152,"column":2},"end":{"line":156,"column":3}},"91":{"start":{"line":153,"column":3},"end":{"line":155,"column":4}},"92":{"start":{"line":154,"column":4},"end":{"line":154,"column":40}},"93":{"start":{"line":157,"column":2},"end":{"line":157,"column":16}},"94":{"start":{"line":159,"column":3},"end":{"line":159,"column":17}},"95":{"start":{"line":162,"column":0},"end":{"line":172,"column":2}},"96":{"start":{"line":163,"column":1},"end":{"line":171,"column":4}},"97":{"start":{"line":164,"column":2},"end":{"line":170,"column":3}},"98":{"start":{"line":165,"column":24},"end":{"line":165,"column":71}},"99":{"start":{"line":166,"column":24},"end":{"line":166,"column":36}},"100":{"start":{"line":167,"column":24},"end":{"line":167,"column":36}},"101":{"start":{"line":168,"column":24},"end":{"line":168,"column":79}},"102":{"start":{"line":169,"column":24},"end":{"line":169,"column":36}},"103":{"start":{"line":174,"column":0},"end":{"line":174,"column":30}}},"branchMap":{"1":{"line":4,"type":"binary-expr","locations":[{"start":{"line":4,"column":11},"end":{"line":4,"column":18}},{"start":{"line":4,"column":22},"end":{"line":4,"column":24}}]},"2":{"line":7,"type":"if","locations":[{"start":{"line":7,"column":1},"end":{"line":7,"column":1}},{"start":{"line":7,"column":1},"end":{"line":7,"column":1}}]},"3":{"line":11,"type":"if","locations":[{"start":{"line":11,"column":1},"end":{"line":11,"column":1}},{"start":{"line":11,"column":1},"end":{"line":11,"column":1}}]},"4":{"line":14,"type":"binary-expr","locations":[{"start":{"line":14,"column":14},"end":{"line":14,"column":27}},{"start":{"line":14,"column":31},"end":{"line":14,"column":33}}]},"5":{"line":19,"type":"if","locations":[{"start":{"line":19,"column":1},"end":{"line":19,"column":1}},{"start":{"line":19,"column":1},"end":{"line":19,"column":1}}]},"6":{"line":54,"type":"binary-expr","locations":[{"start":{"line":54,"column":8},"end":{"line":54,"column":18}},{"start":{"line":54,"column":22},"end":{"line":54,"column":61}},{"start":{"line":55,"column":5},"end":{"line":55,"column":49}}]},"7":{"line":63,"type":"if","locations":[{"start":{"line":63,"column":1},"end":{"line":63,"column":1}},{"start":{"line":63,"column":1},"end":{"line":63,"column":1}}]},"8":{"line":68,"type":"switch","locations":[{"start":{"line":69,"column":3},"end":{"line":72,"column":10}},{"start":{"line":73,"column":3},"end":{"line":82,"column":10}},{"start":{"line":83,"column":3},"end":{"line":90,"column":10}},{"start":{"line":91,"column":3},"end":{"line":97,"column":10}},{"start":{"line":98,"column":3},"end":{"line":102,"column":10}}]},"9":{"line":108,"type":"if","locations":[{"start":{"line":108,"column":1},"end":{"line":108,"column":1}},{"start":{"line":108,"column":1},"end":{"line":108,"column":1}}]},"10":{"line":112,"type":"switch","locations":[{"start":{"line":113,"column":3},"end":{"line":113,"column":80}},{"start":{"line":114,"column":3},"end":{"line":114,"column":33}},{"start":{"line":115,"column":3},"end":{"line":115,"column":33}},{"start":{"line":116,"column":3},"end":{"line":116,"column":33}},{"start":{"line":117,"column":3},"end":{"line":117,"column":33}}]},"11":{"line":113,"type":"cond-expr","locations":[{"start":{"line":113,"column":55},"end":{"line":113,"column":75}},{"start":{"line":113,"column":78},"end":{"line":113,"column":79}}]},"12":{"line":136,"type":"if","locations":[{"start":{"line":136,"column":2},"end":{"line":136,"column":2}},{"start":{"line":136,"column":2},"end":{"line":136,"column":2}}]},"13":{"line":141,"type":"if","locations":[{"start":{"line":141,"column":3},"end":{"line":141,"column":3}},{"start":{"line":141,"column":3},"end":{"line":141,"column":3}}]},"14":{"line":164,"type":"switch","locations":[{"start":{"line":165,"column":3},"end":{"line":165,"column":71}},{"start":{"line":166,"column":3},"end":{"line":166,"column":36}},{"start":{"line":167,"column":3},"end":{"line":167,"column":36}},{"start":{"line":168,"column":3},"end":{"line":168,"column":79}},{"start":{"line":169,"column":3},"end":{"line":169,"column":36}}]},"15":{"line":165,"type":"cond-expr","locations":[{"start":{"line":165,"column":55},"end":{"line":165,"column":63}},{"start":{"line":165,"column":66},"end":{"line":165,"column":70}}]}}},"/home/zszs/Development/Projects/PatriciaTree/stringMatcher.js":{"path":"/home/zszs/Development/Projects/PatriciaTree/stringMatcher.js","s":{"1":1,"2":72,"3":72,"4":72,"5":72,"6":1,"7":242,"8":1,"9":302,"10":1,"11":0,"12":1,"13":489,"14":1,"15":5,"16":1,"17":5,"18":1,"19":33,"20":33,"21":33,"22":33,"23":121,"24":121,"25":121,"26":33,"27":14,"28":33,"29":11,"30":33,"31":3,"32":33,"33":5,"34":33,"35":1},"b":{"1":[154,137,126],"2":[14,19],"3":[33,25],"4":[11,22],"5":[33,25],"6":[3,30],"7":[33,8],"8":[5,28],"9":[33,8]},"f":{"1":72,"2":242,"3":302,"4":0,"5":489,"6":5,"7":5,"8":33},"fnMap":{"1":{"name":"StringMatcher","line":1,"loc":{"start":{"line":1,"column":-15},"end":{"line":1,"column":36}}},"2":{"name":"(anonymous_2)","line":8,"loc":{"start":{"line":8,"column":31},"end":{"line":8,"column":43}}},"3":{"name":"(anonymous_3)","line":12,"loc":{"start":{"line":12,"column":31},"end":{"line":12,"column":43}}},"4":{"name":"(anonymous_4)","line":16,"loc":{"start":{"line":16,"column":31},"end":{"line":16,"column":43}}},"5":{"name":"(anonymous_5)","line":20,"loc":{"start":{"line":20,"column":30},"end":{"line":20,"column":42}}},"6":{"name":"(anonymous_6)","line":24,"loc":{"start":{"line":24,"column":36},"end":{"line":24,"column":48}}},"7":{"name":"(anonymous_7)","line":28,"loc":{"start":{"line":28,"column":36},"end":{"line":28,"column":53}}},"8":{"name":"(anonymous_8)","line":32,"loc":{"start":{"line":32,"column":36},"end":{"line":32,"column":61}}}},"statementMap":{"1":{"start":{"line":1,"column":-15},"end":{"line":6,"column":1}},"2":{"start":{"line":2,"column":1},"end":{"line":2,"column":32}},"3":{"start":{"line":3,"column":1},"end":{"line":3,"column":24}},"4":{"start":{"line":4,"column":1},"end":{"line":4,"column":42}},"5":{"start":{"line":5,"column":1},"end":{"line":5,"column":13}},"6":{"start":{"line":8,"column":0},"end":{"line":10,"column":2}},"7":{"start":{"line":9,"column":1},"end":{"line":9,"column":47}},"8":{"start":{"line":12,"column":0},"end":{"line":14,"column":2}},"9":{"start":{"line":13,"column":1},"end":{"line":13,"column":45}},"10":{"start":{"line":16,"column":0},"end":{"line":18,"column":2}},"11":{"start":{"line":17,"column":1},"end":{"line":17,"column":49}},"12":{"start":{"line":20,"column":0},"end":{"line":22,"column":2}},"13":{"start":{"line":21,"column":1},"end":{"line":21,"column":54}},"14":{"start":{"line":24,"column":0},"end":{"line":26,"column":2}},"15":{"start":{"line":25,"column":1},"end":{"line":25,"column":55}},"16":{"start":{"line":28,"column":0},"end":{"line":30,"column":2}},"17":{"start":{"line":29,"column":1},"end":{"line":29,"column":32}},"18":{"start":{"line":32,"column":0},"end":{"line":57,"column":2}},"19":{"start":{"line":33,"column":1},"end":{"line":33,"column":43}},"20":{"start":{"line":34,"column":1},"end":{"line":34,"column":27}},"21":{"start":{"line":36,"column":1},"end":{"line":36,"column":48}},"22":{"start":{"line":38,"column":1},"end":{"line":42,"column":2}},"23":{"start":{"line":39,"column":2},"end":{"line":39,"column":26}},"24":{"start":{"line":40,"column":2},"end":{"line":40,"column":14}},"25":{"start":{"line":41,"column":2},"end":{"line":41,"column":17}},"26":{"start":{"line":44,"column":1},"end":{"line":46,"column":2}},"27":{"start":{"line":45,"column":2},"end":{"line":45,"column":36}},"28":{"start":{"line":47,"column":1},"end":{"line":49,"column":2}},"29":{"start":{"line":48,"column":2},"end":{"line":48,"column":39}},"30":{"start":{"line":50,"column":1},"end":{"line":52,"column":2}},"31":{"start":{"line":51,"column":2},"end":{"line":51,"column":38}},"32":{"start":{"line":53,"column":1},"end":{"line":55,"column":2}},"33":{"start":{"line":54,"column":2},"end":{"line":54,"column":35}},"34":{"start":{"line":56,"column":1},"end":{"line":56,"column":13}},"35":{"start":{"line":59,"column":0},"end":{"line":59,"column":31}}},"branchMap":{"1":{"line":38,"type":"binary-expr","locations":[{"start":{"line":38,"column":7},"end":{"line":38,"column":18}},{"start":{"line":38,"column":22},"end":{"line":38,"column":36}},{"start":{"line":38,"column":40},"end":{"line":38,"column":70}}]},"2":{"line":44,"type":"if","locations":[{"start":{"line":44,"column":1},"end":{"line":44,"column":1}},{"start":{"line":44,"column":1},"end":{"line":44,"column":1}}]},"3":{"line":44,"type":"binary-expr","locations":[{"start":{"line":44,"column":4},"end":{"line":44,"column":17}},{"start":{"line":44,"column":21},"end":{"line":44,"column":31}}]},"4":{"line":47,"type":"if","locations":[{"start":{"line":47,"column":1},"end":{"line":47,"column":1}},{"start":{"line":47,"column":1},"end":{"line":47,"column":1}}]},"5":{"line":47,"type":"binary-expr","locations":[{"start":{"line":47,"column":4},"end":{"line":47,"column":17}},{"start":{"line":47,"column":21},"end":{"line":47,"column":32}}]},"6":{"line":50,"type":"if","locations":[{"start":{"line":50,"column":1},"end":{"line":50,"column":1}},{"start":{"line":50,"column":1},"end":{"line":50,"column":1}}]},"7":{"line":50,"type":"binary-expr","locations":[{"start":{"line":50,"column":4},"end":{"line":50,"column":18}},{"start":{"line":50,"column":22},"end":{"line":50,"column":32}}]},"8":{"line":53,"type":"if","locations":[{"start":{"line":53,"column":1},"end":{"line":53,"column":1}},{"start":{"line":53,"column":1},"end":{"line":53,"column":1}}]},"9":{"line":53,"type":"binary-expr","locations":[{"start":{"line":53,"column":4},"end":{"line":53,"column":18}},{"start":{"line":53,"column":22},"end":{"line":53,"column":33}}]}}}}