TN:
SF:/home/zszs/Development/Projects/PatriciaTree/patricia2.js
FN:3,Node
FN:18,(anonymous_2)
FN:27,(anonymous_3)
FN:35,(anonymous_4)
FN:40,(anonymous_5)
FN:44,PatriciaTree
FN:49,(anonymous_7)
FN:62,(anonymous_8)
FN:67,(anonymous_9)
FN:107,(anonymous_10)
FN:111,(anonymous_11)
FN:122,(anonymous_12)
FN:126,(anonymous_13)
FN:150,(anonymous_14)
FN:162,(anonymous_15)
FN:163,(anonymous_16)
FNF:16
FNH:16
FNDA:33,Node
FNDA:3,(anonymous_2)
FNDA:5,(anonymous_3)
FNDA:23,(anonymous_4)
FNDA:55,(anonymous_5)
FNDA:10,PatriciaTree
FNDA:39,(anonymous_7)
FNDA:22,(anonymous_8)
FNDA:21,(anonymous_9)
FNDA:18,(anonymous_10)
FNDA:17,(anonymous_11)
FNDA:17,(anonymous_12)
FNDA:1,(anonymous_13)
FNDA:3,(anonymous_14)
FNDA:1,(anonymous_15)
FNDA:1,(anonymous_16)
DA:1,1
DA:3,1
DA:4,33
DA:6,33
DA:7,33
DA:8,28
DA:10,33
DA:11,33
DA:12,28
DA:14,33
DA:15,33
DA:18,1
DA:19,3
DA:20,1
DA:22,2
DA:23,2
DA:27,1
DA:28,5
DA:29,5
DA:30,5
DA:31,5
DA:32,5
DA:35,1
DA:36,23
DA:37,23
DA:40,1
DA:41,55
DA:44,1
DA:45,10
DA:46,10
DA:49,1
DA:50,39
DA:51,39
DA:52,39
DA:54,39
DA:56,11
DA:57,11
DA:59,39
DA:62,1
DA:63,22
DA:64,1
DA:66,21
DA:67,21
DA:68,21
DA:71,2
DA:72,2
DA:76,4
DA:79,4
DA:80,4
DA:81,4
DA:82,4
DA:86,1
DA:89,1
DA:90,1
DA:94,1
DA:95,1
DA:96,1
DA:97,1
DA:100,13
DA:101,13
DA:102,13
DA:107,1
DA:108,18
DA:109,1
DA:111,17
DA:112,17
DA:113,12
DA:114,1
DA:115,2
DA:116,1
DA:117,1
DA:122,1
DA:123,17
DA:126,1
DA:127,1
DA:128,1
DA:129,1
DA:131,1
DA:132,4
DA:133,4
DA:134,4
DA:136,4
DA:137,3
DA:138,4
DA:140,4
DA:141,3
DA:142,3
DA:150,1
DA:151,3
DA:152,3
DA:153,3
DA:154,4
DA:157,3
DA:159,1
DA:162,1
DA:163,1
DA:164,1
DA:165,0
DA:166,0
DA:167,0
DA:168,1
DA:169,0
DA:174,1
LF:103
LH:99
BRDA:4,1,0,33
BRDA:4,1,1,10
BRDA:7,2,0,28
BRDA:7,2,1,5
BRDA:11,3,0,28
BRDA:11,3,1,5
BRDA:14,4,0,33
BRDA:14,4,1,10
BRDA:19,5,0,1
BRDA:19,5,1,2
BRDA:54,6,0,50
BRDA:54,6,1,33
BRDA:54,6,2,33
BRDA:63,7,0,1
BRDA:63,7,1,21
BRDA:68,8,0,2
BRDA:68,8,1,4
BRDA:68,8,2,1
BRDA:68,8,3,1
BRDA:68,8,4,13
BRDA:108,9,0,1
BRDA:108,9,1,17
BRDA:112,10,0,12
BRDA:112,10,1,1
BRDA:112,10,2,2
BRDA:112,10,3,1
BRDA:112,10,4,1
BRDA:113,11,0,11
BRDA:113,11,1,1
BRDA:136,12,0,3
BRDA:136,12,1,1
BRDA:141,13,0,3
BRDA:141,13,1,0
BRDA:164,14,0,0
BRDA:164,14,1,0
BRDA:164,14,2,0
BRDA:164,14,3,1
BRDA:164,14,4,0
BRDA:165,15,0,0
BRDA:165,15,1,0
BRF:40
BRH:33
end_of_record
TN:
SF:/home/zszs/Development/Projects/PatriciaTree/stringMatcher.js
FN:1,StringMatcher
FN:8,(anonymous_2)
FN:12,(anonymous_3)
FN:16,(anonymous_4)
FN:20,(anonymous_5)
FN:24,(anonymous_6)
FN:28,(anonymous_7)
FN:32,(anonymous_8)
FNF:8
FNH:7
FNDA:72,StringMatcher
FNDA:242,(anonymous_2)
FNDA:302,(anonymous_3)
FNDA:0,(anonymous_4)
FNDA:489,(anonymous_5)
FNDA:5,(anonymous_6)
FNDA:5,(anonymous_7)
FNDA:33,(anonymous_8)
DA:1,1
DA:2,72
DA:3,72
DA:4,72
DA:5,72
DA:8,1
DA:9,242
DA:12,1
DA:13,302
DA:16,1
DA:17,0
DA:20,1
DA:21,489
DA:24,1
DA:25,5
DA:28,1
DA:29,5
DA:32,1
DA:33,33
DA:34,33
DA:36,33
DA:38,33
DA:39,121
DA:40,121
DA:41,121
DA:44,33
DA:45,14
DA:47,33
DA:48,11
DA:50,33
DA:51,3
DA:53,33
DA:54,5
DA:56,33
DA:59,1
LF:35
LH:34
BRDA:38,1,0,154
BRDA:38,1,1,137
BRDA:38,1,2,126
BRDA:44,2,0,14
BRDA:44,2,1,19
BRDA:44,3,0,33
BRDA:44,3,1,25
BRDA:47,4,0,11
BRDA:47,4,1,22
BRDA:47,5,0,33
BRDA:47,5,1,25
BRDA:50,6,0,3
BRDA:50,6,1,30
BRDA:50,7,0,33
BRDA:50,7,1,8
BRDA:53,8,0,5
BRDA:53,8,1,28
BRDA:53,9,0,33
BRDA:53,9,1,8
BRF:19
BRH:19
end_of_record
