TN:
SF:/home/zszs/Development/Projects/PatriciaTree/patricia.js
FN:4,Node
FN:19,(anonymous_2)
FN:28,(anonymous_3)
FN:36,(anonymous_4)
FN:41,(anonymous_5)
FN:45,PatriciaTree
FN:50,(anonymous_7)
FN:63,(anonymous_8)
FN:68,(anonymous_9)
FN:108,(anonymous_10)
FN:112,(anonymous_11)
FN:123,(anonymous_12)
FN:127,(anonymous_13)
FN:128,getChildren
FN:143,(anonymous_15)
FN:144,(anonymous_16)
FN:160,(anonymous_17)
FN:161,(anonymous_18)
FNF:18
FNH:18
FNDA:197,Node
FNDA:3,(anonymous_2)
FNDA:76,(anonymous_3)
FNDA:176,(anonymous_4)
FNDA:297,(anonymous_5)
FNDA:21,PatriciaTree
FNDA:132,(anonymous_7)
FNDA:104,(anonymous_8)
FNDA:103,(anonymous_9)
FNDA:18,(anonymous_10)
FNDA:17,(anonymous_11)
FNDA:17,(anonymous_12)
FNDA:4,(anonymous_13)
FNDA:16,getChildren
FNDA:12,(anonymous_15)
FNDA:12,(anonymous_16)
FNDA:6,(anonymous_17)
FNDA:4,(anonymous_18)
DA:1,1
DA:2,1
DA:4,1
DA:5,197
DA:7,197
DA:8,197
DA:9,121
DA:11,197
DA:12,197
DA:13,121
DA:15,197
DA:16,197
DA:19,1
DA:20,3
DA:21,1
DA:23,2
DA:24,2
DA:28,1
DA:29,76
DA:30,76
DA:31,76
DA:32,76
DA:33,76
DA:36,1
DA:37,176
DA:38,176
DA:41,1
DA:42,297
DA:45,1
DA:46,21
DA:47,21
DA:50,1
DA:51,132
DA:52,132
DA:53,132
DA:55,132
DA:57,87
DA:58,87
DA:60,132
DA:63,1
DA:64,104
DA:65,1
DA:67,103
DA:68,103
DA:69,103
DA:72,2
DA:73,2
DA:77,75
DA:80,75
DA:81,75
DA:82,75
DA:83,75
DA:87,1
DA:90,1
DA:91,1
DA:95,1
DA:96,1
DA:97,1
DA:98,1
DA:101,24
DA:102,24
DA:103,24
DA:108,1
DA:109,18
DA:110,1
DA:112,17
DA:113,17
DA:114,12
DA:115,1
DA:116,2
DA:117,1
DA:118,1
DA:123,1
DA:124,17
DA:127,1
DA:128,4
DA:129,16
DA:131,4
DA:132,4
DA:133,4
DA:134,6
DA:135,6
DA:136,4
DA:138,6
DA:140,4
DA:143,1
DA:144,12
DA:145,12
DA:147,4
DA:149,2
DA:150,2
DA:151,2
DA:152,2
DA:153,2
DA:154,2
DA:155,2
DA:160,1
DA:161,6
DA:162,4
DA:166,1
LF:100
LH:100
BRDA:5,1,0,197
BRDA:5,1,1,21
BRDA:8,2,0,121
BRDA:8,2,1,76
BRDA:12,3,0,121
BRDA:12,3,1,76
BRDA:15,4,0,197
BRDA:15,4,1,21
BRDA:20,5,0,1
BRDA:20,5,1,2
BRDA:55,6,0,219
BRDA:55,6,1,187
BRDA:55,6,2,187
BRDA:64,7,0,1
BRDA:64,7,1,103
BRDA:69,8,0,2
BRDA:69,8,1,75
BRDA:69,8,2,1
BRDA:69,8,3,1
BRDA:69,8,4,24
BRDA:109,9,0,1
BRDA:109,9,1,17
BRDA:113,10,0,12
BRDA:113,10,1,1
BRDA:113,10,2,2
BRDA:113,10,3,1
BRDA:113,10,4,1
BRDA:114,11,0,11
BRDA:114,11,1,1
BRDA:145,12,0,4
BRDA:145,12,1,2
BRDA:145,12,2,2
BRDA:145,12,3,2
BRDA:145,12,4,2
BRDA:147,13,0,2
BRDA:147,13,1,2
BRF:36
BRH:36
end_of_record
TN:
SF:/home/zszs/Development/Projects/PatriciaTree/stringMatcher.js
FN:1,StringMatcher
FN:8,(anonymous_2)
FN:12,(anonymous_3)
FN:16,(anonymous_4)
FN:20,(anonymous_5)
FN:24,(anonymous_6)
FN:28,(anonymous_7)
FNF:7
FNH:7
FNDA:319,StringMatcher
FNDA:840,(anonymous_2)
FNDA:1215,(anonymous_3)
FNDA:2314,(anonymous_4)
FNDA:76,(anonymous_5)
FNDA:76,(anonymous_6)
FNDA:187,(anonymous_7)
DA:1,1
DA:2,319
DA:3,319
DA:4,319
DA:5,319
DA:8,1
DA:9,840
DA:12,1
DA:13,1215
DA:16,1
DA:17,2314
DA:20,1
DA:21,76
DA:24,1
DA:25,76
DA:28,1
DA:29,187
DA:30,187
DA:32,187
DA:34,187
DA:35,420
DA:36,420
DA:37,420
DA:40,187
DA:41,18
DA:43,187
DA:44,87
DA:46,187
DA:47,4
DA:49,187
DA:50,78
DA:52,187
DA:55,1
LF:33
LH:33
BRDA:34,1,0,607
BRDA:34,1,1,585
BRDA:34,1,2,498
BRDA:40,2,0,18
BRDA:40,2,1,169
BRDA:40,3,0,187
BRDA:40,3,1,105
BRDA:43,4,0,87
BRDA:43,4,1,100
BRDA:43,5,0,187
BRDA:43,5,1,105
BRDA:46,6,0,4
BRDA:46,6,1,183
BRDA:46,7,0,187
BRDA:46,7,1,82
BRDA:49,8,0,78
BRDA:49,8,1,109
BRDA:49,9,0,187
BRDA:49,9,1,82
BRF:19
BRH:19
end_of_record
TN:
SF:/home/zszs/Development/Projects/PatriciaTree/leafIterator.js
FN:1,PropertyIterator
FN:4,(anonymous_2)
FN:9,PathItem
FN:14,LeafIterator
FN:17,hasChild
FN:21,(anonymous_6)
FN:28,(anonymous_7)
FNF:7
FNH:7
FNDA:8,PropertyIterator
FNDA:12,(anonymous_2)
FNDA:8,PathItem
FNDA:4,LeafIterator
FNDA:8,hasChild
FNDA:10,(anonymous_6)
FNDA:12,(anonymous_7)
DA:1,1
DA:2,8
DA:4,8
DA:5,12
DA:9,1
DA:10,8
DA:11,8
DA:14,1
DA:15,4
DA:17,4
DA:18,8
DA:21,4
DA:22,10
DA:23,12
DA:24,12
DA:25,12
DA:26,12
DA:28,8
DA:29,12
DA:31,8
DA:32,8
DA:33,6
DA:39,4
DA:42,4
LF:24
LH:24
BRDA:26,1,0,8
BRDA:26,1,1,4
BRDA:32,2,0,6
BRDA:32,2,1,2
BRF:4
BRH:4
end_of_record
